The system is: Darwin - 22.3.0 - arm64
Compiling the C compiler identification source file "CMakeCCompilerId.c" succeeded.
Compiler: /Library/Developer/CommandLineTools/usr/bin/cc 
Build flags: 
Id flags: -c 

The output was:
0


Compilation of the C compiler identification source "CMakeCCompilerId.c" produced "CMakeCCompilerId.o"

The C compiler identification is AppleClang, found in "/Users/rileyfischer/Documents/dev/languages/rfbs/build/CMakeFiles/3.25.3/CompilerIdC/CMakeCCompilerId.o"

Detecting C compiler ABI info compiled with the following output:
Change Dir: /Users/rileyfischer/Documents/dev/languages/rfbs/build/CMakeFiles/CMakeScratch/TryCompile-R9WuU0

Run Build Command(s):/usr/bin/make -f Makefile cmTC_1c298/fast && /Library/Developer/CommandLineTools/usr/bin/make  -f CMakeFiles/cmTC_1c298.dir/build.make CMakeFiles/cmTC_1c298.dir/build
Building C object CMakeFiles/cmTC_1c298.dir/CMakeCCompilerABI.c.o
/Library/Developer/CommandLineTools/usr/bin/cc   -arch arm64 -isysroot /Library/Developer/CommandLineTools/SDKs/MacOSX13.1.sdk   -v -Wl,-v -MD -MT CMakeFiles/cmTC_1c298.dir/CMakeCCompilerABI.c.o -MF CMakeFiles/cmTC_1c298.dir/CMakeCCompilerABI.c.o.d -o CMakeFiles/cmTC_1c298.dir/CMakeCCompilerABI.c.o -c /opt/homebrew/Cellar/cmake/3.25.3/share/cmake/Modules/CMakeCCompilerABI.c
Apple clang version 14.0.0 (clang-1400.0.29.202)
Target: arm64-apple-darwin22.3.0
Thread model: posix
InstalledDir: /Library/Developer/CommandLineTools/usr/bin
clang: warning: -Wl,-v: 'linker' input unused [-Wunused-command-line-argument]
 "/Library/Developer/CommandLineTools/usr/bin/clang" -cc1 -triple arm64-apple-macosx13.0.0 -Wundef-prefix=TARGET_OS_ -Wdeprecated-objc-isa-usage -Werror=deprecated-objc-isa-usage -Werror=implicit-function-declaration -emit-obj -mrelax-all --mrelax-relocations -disable-free -clear-ast-before-backend -disable-llvm-verifier -discard-value-names -main-file-name CMakeCCompilerABI.c -mrelocation-model pic -pic-level 2 -mframe-pointer=non-leaf -fno-strict-return -fno-rounding-math -funwind-tables=2 -fobjc-msgsend-selector-stubs -target-sdk-version=13.1 -fvisibility-inlines-hidden-static-local-var -target-cpu apple-m1 -target-feature +v8.5a -target-feature +fp-armv8 -target-feature +neon -target-feature +crc -target-feature +crypto -target-feature +dotprod -target-feature +fp16fml -target-feature +ras -target-feature +lse -target-feature +rdm -target-feature +rcpc -target-feature +zcm -target-feature +zcz -target-feature +fullfp16 -target-feature +sm4 -target-feature +sha3 -target-feature +sha2 -target-feature +aes -target-abi darwinpcs -fallow-half-arguments-and-returns -debugger-tuning=lldb -target-linker-version 820.1 -v -resource-dir /Library/Developer/CommandLineTools/usr/lib/clang/14.0.0 -dependency-file CMakeFiles/cmTC_1c298.dir/CMakeCCompilerABI.c.o.d -skip-unused-modulemap-deps -MT CMakeFiles/cmTC_1c298.dir/CMakeCCompilerABI.c.o -sys-header-deps -isysroot /Library/Developer/CommandLineTools/SDKs/MacOSX13.1.sdk -internal-isystem /Library/Developer/CommandLineTools/SDKs/MacOSX13.1.sdk/usr/local/include -internal-isystem /Library/Developer/CommandLineTools/usr/lib/clang/14.0.0/include -internal-externc-isystem /Library/Developer/CommandLineTools/SDKs/MacOSX13.1.sdk/usr/include -internal-externc-isystem /Library/Developer/CommandLineTools/usr/include -Wno-reorder-init-list -Wno-implicit-int-float-conversion -Wno-c99-designator -Wno-final-dtor-non-final-class -Wno-extra-semi-stmt -Wno-misleading-indentation -Wno-quoted-include-in-framework-header -Wno-implicit-fallthrough -Wno-enum-enum-conversion -Wno-enum-float-conversion -Wno-elaborated-enum-base -Wno-reserved-identifier -Wno-gnu-folding-constant -Wno-cast-function-type -Wno-bitwise-instead-of-logical -fdebug-compilation-dir=/Users/rileyfischer/Documents/dev/languages/rfbs/build/CMakeFiles/CMakeScratch/TryCompile-R9WuU0 -ferror-limit 19 -stack-protector 1 -fstack-check -mdarwin-stkchk-strong-link -fblocks -fencode-extended-block-signature -fregister-global-dtors-with-atexit -fgnuc-version=4.2.1 -fmax-type-align=16 -fcommon -clang-vendor-feature=+messageToSelfInClassMethodIdReturnType -clang-vendor-feature=+disableInferNewAvailabilityFromInit -clang-vendor-feature=+disableNonDependentMemberExprInCurrentInstantiation -fno-odr-hash-protocols -clang-vendor-feature=+enableAggressiveVLAFolding -clang-vendor-feature=+revert09abecef7bbf -clang-vendor-feature=+thisNoAlignAttr -clang-vendor-feature=+thisNoNullAttr -mllvm -disable-aligned-alloc-awareness=1 -D__GCC_HAVE_DWARF2_CFI_ASM=1 -o CMakeFiles/cmTC_1c298.dir/CMakeCCompilerABI.c.o -x c /opt/homebrew/Cellar/cmake/3.25.3/share/cmake/Modules/CMakeCCompilerABI.c
clang -cc1 version 14.0.0 (clang-1400.0.29.202) default target arm64-apple-darwin22.3.0
ignoring nonexistent directory "/Library/Developer/CommandLineTools/SDKs/MacOSX13.1.sdk/usr/local/include"
ignoring nonexistent directory "/Library/Developer/CommandLineTools/SDKs/MacOSX13.1.sdk/Library/Frameworks"
#include "..." search starts here:
#include <...> search starts here:
 /Library/Developer/CommandLineTools/usr/lib/clang/14.0.0/include
 /Library/Developer/CommandLineTools/SDKs/MacOSX13.1.sdk/usr/include
 /Library/Developer/CommandLineTools/usr/include
 /Library/Developer/CommandLineTools/SDKs/MacOSX13.1.sdk/System/Library/Frameworks (framework directory)
End of search list.
Linking C executable cmTC_1c298
/opt/homebrew/Cellar/cmake/3.25.3/bin/cmake -E cmake_link_script CMakeFiles/cmTC_1c298.dir/link.txt --verbose=1
/Library/Developer/CommandLineTools/usr/bin/cc  -arch arm64 -isysroot /Library/Developer/CommandLineTools/SDKs/MacOSX13.1.sdk -Wl,-search_paths_first -Wl,-headerpad_max_install_names  -v -Wl,-v CMakeFiles/cmTC_1c298.dir/CMakeCCompilerABI.c.o -o cmTC_1c298 
Apple clang version 14.0.0 (clang-1400.0.29.202)
Target: arm64-apple-darwin22.3.0
Thread model: posix
InstalledDir: /Library/Developer/CommandLineTools/usr/bin
 "/Library/Developer/CommandLineTools/usr/bin/ld" -demangle -lto_library /Library/Developer/CommandLineTools/usr/lib/libLTO.dylib -dynamic -arch arm64 -platform_version macos 13.0.0 13.1 -syslibroot /Library/Developer/CommandLineTools/SDKs/MacOSX13.1.sdk -o cmTC_1c298 -search_paths_first -headerpad_max_install_names -v CMakeFiles/cmTC_1c298.dir/CMakeCCompilerABI.c.o -lSystem /Library/Developer/CommandLineTools/usr/lib/clang/14.0.0/lib/darwin/libclang_rt.osx.a
@(#)PROGRAM:ld  PROJECT:ld64-820.1
BUILD 20:07:05 Nov  7 2022
configured to support archs: armv6 armv7 armv7s arm64 arm64e arm64_32 i386 x86_64 x86_64h armv6m armv7k armv7m armv7em
Library search paths:
	/Library/Developer/CommandLineTools/SDKs/MacOSX13.1.sdk/usr/lib
Framework search paths:
	/Library/Developer/CommandLineTools/SDKs/MacOSX13.1.sdk/System/Library/Frameworks/



Parsed C implicit include dir info from above output: rv=done
  found start of include info
  found start of implicit include info
    add: [/Library/Developer/CommandLineTools/usr/lib/clang/14.0.0/include]
    add: [/Library/Developer/CommandLineTools/SDKs/MacOSX13.1.sdk/usr/include]
    add: [/Library/Developer/CommandLineTools/usr/include]
  end of search list found
  collapse include dir [/Library/Developer/CommandLineTools/usr/lib/clang/14.0.0/include] ==> [/Library/Developer/CommandLineTools/usr/lib/clang/14.0.0/include]
  collapse include dir [/Library/Developer/CommandLineTools/SDKs/MacOSX13.1.sdk/usr/include] ==> [/Library/Developer/CommandLineTools/SDKs/MacOSX13.1.sdk/usr/include]
  collapse include dir [/Library/Developer/CommandLineTools/usr/include] ==> [/Library/Developer/CommandLineTools/usr/include]
  implicit include dirs: [/Library/Developer/CommandLineTools/usr/lib/clang/14.0.0/include;/Library/Developer/CommandLineTools/SDKs/MacOSX13.1.sdk/usr/include;/Library/Developer/CommandLineTools/usr/include]


Parsed C implicit link information from above output:
  link line regex: [^( *|.*[/\])(ld|CMAKE_LINK_STARTFILE-NOTFOUND|([^/\]+-)?ld|collect2)[^/\]*( |$)]
  ignore line: [Change Dir: /Users/rileyfischer/Documents/dev/languages/rfbs/build/CMakeFiles/CMakeScratch/TryCompile-R9WuU0]
  ignore line: []
  ignore line: [Run Build Command(s):/usr/bin/make -f Makefile cmTC_1c298/fast && /Library/Developer/CommandLineTools/usr/bin/make  -f CMakeFiles/cmTC_1c298.dir/build.make CMakeFiles/cmTC_1c298.dir/build]
  ignore line: [Building C object CMakeFiles/cmTC_1c298.dir/CMakeCCompilerABI.c.o]
  ignore line: [/Library/Developer/CommandLineTools/usr/bin/cc   -arch arm64 -isysroot /Library/Developer/CommandLineTools/SDKs/MacOSX13.1.sdk   -v -Wl -v -MD -MT CMakeFiles/cmTC_1c298.dir/CMakeCCompilerABI.c.o -MF CMakeFiles/cmTC_1c298.dir/CMakeCCompilerABI.c.o.d -o CMakeFiles/cmTC_1c298.dir/CMakeCCompilerABI.c.o -c /opt/homebrew/Cellar/cmake/3.25.3/share/cmake/Modules/CMakeCCompilerABI.c]
  ignore line: [Apple clang version 14.0.0 (clang-1400.0.29.202)]
  ignore line: [Target: arm64-apple-darwin22.3.0]
  ignore line: [Thread model: posix]
  ignore line: [InstalledDir: /Library/Developer/CommandLineTools/usr/bin]
  ignore line: [clang: warning: -Wl -v: 'linker' input unused [-Wunused-command-line-argument]]
  ignore line: [ "/Library/Developer/CommandLineTools/usr/bin/clang" -cc1 -triple arm64-apple-macosx13.0.0 -Wundef-prefix=TARGET_OS_ -Wdeprecated-objc-isa-usage -Werror=deprecated-objc-isa-usage -Werror=implicit-function-declaration -emit-obj -mrelax-all --mrelax-relocations -disable-free -clear-ast-before-backend -disable-llvm-verifier -discard-value-names -main-file-name CMakeCCompilerABI.c -mrelocation-model pic -pic-level 2 -mframe-pointer=non-leaf -fno-strict-return -fno-rounding-math -funwind-tables=2 -fobjc-msgsend-selector-stubs -target-sdk-version=13.1 -fvisibility-inlines-hidden-static-local-var -target-cpu apple-m1 -target-feature +v8.5a -target-feature +fp-armv8 -target-feature +neon -target-feature +crc -target-feature +crypto -target-feature +dotprod -target-feature +fp16fml -target-feature +ras -target-feature +lse -target-feature +rdm -target-feature +rcpc -target-feature +zcm -target-feature +zcz -target-feature +fullfp16 -target-feature +sm4 -target-feature +sha3 -target-feature +sha2 -target-feature +aes -target-abi darwinpcs -fallow-half-arguments-and-returns -debugger-tuning=lldb -target-linker-version 820.1 -v -resource-dir /Library/Developer/CommandLineTools/usr/lib/clang/14.0.0 -dependency-file CMakeFiles/cmTC_1c298.dir/CMakeCCompilerABI.c.o.d -skip-unused-modulemap-deps -MT CMakeFiles/cmTC_1c298.dir/CMakeCCompilerABI.c.o -sys-header-deps -isysroot /Library/Developer/CommandLineTools/SDKs/MacOSX13.1.sdk -internal-isystem /Library/Developer/CommandLineTools/SDKs/MacOSX13.1.sdk/usr/local/include -internal-isystem /Library/Developer/CommandLineTools/usr/lib/clang/14.0.0/include -internal-externc-isystem /Library/Developer/CommandLineTools/SDKs/MacOSX13.1.sdk/usr/include -internal-externc-isystem /Library/Developer/CommandLineTools/usr/include -Wno-reorder-init-list -Wno-implicit-int-float-conversion -Wno-c99-designator -Wno-final-dtor-non-final-class -Wno-extra-semi-stmt -Wno-misleading-indentation -Wno-quoted-include-in-framework-header -Wno-implicit-fallthrough -Wno-enum-enum-conversion -Wno-enum-float-conversion -Wno-elaborated-enum-base -Wno-reserved-identifier -Wno-gnu-folding-constant -Wno-cast-function-type -Wno-bitwise-instead-of-logical -fdebug-compilation-dir=/Users/rileyfischer/Documents/dev/languages/rfbs/build/CMakeFiles/CMakeScratch/TryCompile-R9WuU0 -ferror-limit 19 -stack-protector 1 -fstack-check -mdarwin-stkchk-strong-link -fblocks -fencode-extended-block-signature -fregister-global-dtors-with-atexit -fgnuc-version=4.2.1 -fmax-type-align=16 -fcommon -clang-vendor-feature=+messageToSelfInClassMethodIdReturnType -clang-vendor-feature=+disableInferNewAvailabilityFromInit -clang-vendor-feature=+disableNonDependentMemberExprInCurrentInstantiation -fno-odr-hash-protocols -clang-vendor-feature=+enableAggressiveVLAFolding -clang-vendor-feature=+revert09abecef7bbf -clang-vendor-feature=+thisNoAlignAttr -clang-vendor-feature=+thisNoNullAttr -mllvm -disable-aligned-alloc-awareness=1 -D__GCC_HAVE_DWARF2_CFI_ASM=1 -o CMakeFiles/cmTC_1c298.dir/CMakeCCompilerABI.c.o -x c /opt/homebrew/Cellar/cmake/3.25.3/share/cmake/Modules/CMakeCCompilerABI.c]
  ignore line: [clang -cc1 version 14.0.0 (clang-1400.0.29.202) default target arm64-apple-darwin22.3.0]
  ignore line: [ignoring nonexistent directory "/Library/Developer/CommandLineTools/SDKs/MacOSX13.1.sdk/usr/local/include"]
  ignore line: [ignoring nonexistent directory "/Library/Developer/CommandLineTools/SDKs/MacOSX13.1.sdk/Library/Frameworks"]
  ignore line: [#include "..." search starts here:]
  ignore line: [#include <...> search starts here:]
  ignore line: [ /Library/Developer/CommandLineTools/usr/lib/clang/14.0.0/include]
  ignore line: [ /Library/Developer/CommandLineTools/SDKs/MacOSX13.1.sdk/usr/include]
  ignore line: [ /Library/Developer/CommandLineTools/usr/include]
  ignore line: [ /Library/Developer/CommandLineTools/SDKs/MacOSX13.1.sdk/System/Library/Frameworks (framework directory)]
  ignore line: [End of search list.]
  ignore line: [Linking C executable cmTC_1c298]
  ignore line: [/opt/homebrew/Cellar/cmake/3.25.3/bin/cmake -E cmake_link_script CMakeFiles/cmTC_1c298.dir/link.txt --verbose=1]
  ignore line: [/Library/Developer/CommandLineTools/usr/bin/cc  -arch arm64 -isysroot /Library/Developer/CommandLineTools/SDKs/MacOSX13.1.sdk -Wl -search_paths_first -Wl -headerpad_max_install_names  -v -Wl -v CMakeFiles/cmTC_1c298.dir/CMakeCCompilerABI.c.o -o cmTC_1c298 ]
  ignore line: [Apple clang version 14.0.0 (clang-1400.0.29.202)]
  ignore line: [Target: arm64-apple-darwin22.3.0]
  ignore line: [Thread model: posix]
  ignore line: [InstalledDir: /Library/Developer/CommandLineTools/usr/bin]
  link line: [ "/Library/Developer/CommandLineTools/usr/bin/ld" -demangle -lto_library /Library/Developer/CommandLineTools/usr/lib/libLTO.dylib -dynamic -arch arm64 -platform_version macos 13.0.0 13.1 -syslibroot /Library/Developer/CommandLineTools/SDKs/MacOSX13.1.sdk -o cmTC_1c298 -search_paths_first -headerpad_max_install_names -v CMakeFiles/cmTC_1c298.dir/CMakeCCompilerABI.c.o -lSystem /Library/Developer/CommandLineTools/usr/lib/clang/14.0.0/lib/darwin/libclang_rt.osx.a]
    arg [/Library/Developer/CommandLineTools/usr/bin/ld] ==> ignore
    arg [-demangle] ==> ignore
    arg [-lto_library] ==> ignore, skip following value
    arg [/Library/Developer/CommandLineTools/usr/lib/libLTO.dylib] ==> skip value of -lto_library
    arg [-dynamic] ==> ignore
    arg [-arch] ==> ignore
    arg [arm64] ==> ignore
    arg [-platform_version] ==> ignore
    arg [macos] ==> ignore
    arg [13.0.0] ==> ignore
    arg [13.1] ==> ignore
    arg [-syslibroot] ==> ignore
    arg [/Library/Developer/CommandLineTools/SDKs/MacOSX13.1.sdk] ==> ignore
    arg [-o] ==> ignore
    arg [cmTC_1c298] ==> ignore
    arg [-search_paths_first] ==> ignore
    arg [-headerpad_max_install_names] ==> ignore
    arg [-v] ==> ignore
    arg [CMakeFiles/cmTC_1c298.dir/CMakeCCompilerABI.c.o] ==> ignore
    arg [-lSystem] ==> lib [System]
    arg [/Library/Developer/CommandLineTools/usr/lib/clang/14.0.0/lib/darwin/libclang_rt.osx.a] ==> lib [/Library/Developer/CommandLineTools/usr/lib/clang/14.0.0/lib/darwin/libclang_rt.osx.a]
  Library search paths: [;/Library/Developer/CommandLineTools/SDKs/MacOSX13.1.sdk/usr/lib]
  Framework search paths: [;/Library/Developer/CommandLineTools/SDKs/MacOSX13.1.sdk/System/Library/Frameworks/]
  remove lib [System]
  remove lib [/Library/Developer/CommandLineTools/usr/lib/clang/14.0.0/lib/darwin/libclang_rt.osx.a]
  collapse library dir [/Library/Developer/CommandLineTools/SDKs/MacOSX13.1.sdk/usr/lib] ==> [/Library/Developer/CommandLineTools/SDKs/MacOSX13.1.sdk/usr/lib]
  collapse framework dir [/Library/Developer/CommandLineTools/SDKs/MacOSX13.1.sdk/System/Library/Frameworks/] ==> [/Library/Developer/CommandLineTools/SDKs/MacOSX13.1.sdk/System/Library/Frameworks]
  implicit libs: []
  implicit objs: []
  implicit dirs: [/Library/Developer/CommandLineTools/SDKs/MacOSX13.1.sdk/usr/lib]
  implicit fwks: [/Library/Developer/CommandLineTools/SDKs/MacOSX13.1.sdk/System/Library/Frameworks]


Performing C SOURCE FILE Test toml_has_c_flag_-fno-strict-aliasing succeeded with the following output:
Change Dir: /Users/rileyfischer/Documents/dev/languages/rfbs/build/CMakeFiles/CMakeScratch/TryCompile-k0lcMw

Run Build Command(s):/usr/bin/make -f Makefile cmTC_15d33/fast && /Library/Developer/CommandLineTools/usr/bin/make  -f CMakeFiles/cmTC_15d33.dir/build.make CMakeFiles/cmTC_15d33.dir/build
Building C object CMakeFiles/cmTC_15d33.dir/src.c.o
/Library/Developer/CommandLineTools/usr/bin/cc   -ferror-limit=100  -arch arm64 -isysroot /Library/Developer/CommandLineTools/SDKs/MacOSX13.1.sdk   -Dtoml_has_c_flag_-fno-strict-aliasing -fno-strict-aliasing -MD -MT CMakeFiles/cmTC_15d33.dir/src.c.o -MF CMakeFiles/cmTC_15d33.dir/src.c.o.d -o CMakeFiles/cmTC_15d33.dir/src.c.o -c /Users/rileyfischer/Documents/dev/languages/rfbs/build/CMakeFiles/CMakeScratch/TryCompile-k0lcMw/src.c
In file included from <built-in>:400:
<command line>:1:25: warning: ISO C99 requires whitespace after the macro name [-Wc99-extensions]
#define toml_has_c_flag_-fno-strict-aliasing 1
                        ^
1 warning generated.
Linking C executable cmTC_15d33
/opt/homebrew/Cellar/cmake/3.25.3/bin/cmake -E cmake_link_script CMakeFiles/cmTC_15d33.dir/link.txt --verbose=1
/Library/Developer/CommandLineTools/usr/bin/cc  -ferror-limit=100  -arch arm64 -isysroot /Library/Developer/CommandLineTools/SDKs/MacOSX13.1.sdk -Wl,-search_paths_first -Wl,-headerpad_max_install_names CMakeFiles/cmTC_15d33.dir/src.c.o -o cmTC_15d33 


Source file was:
int main(void) { return 0; }

Performing C SOURCE FILE Test toml_has_c_flag_-Wall succeeded with the following output:
Change Dir: /Users/rileyfischer/Documents/dev/languages/rfbs/build/CMakeFiles/CMakeScratch/TryCompile-Ah1Nj9

Run Build Command(s):/usr/bin/make -f Makefile cmTC_f162a/fast && /Library/Developer/CommandLineTools/usr/bin/make  -f CMakeFiles/cmTC_f162a.dir/build.make CMakeFiles/cmTC_f162a.dir/build
Building C object CMakeFiles/cmTC_f162a.dir/src.c.o
/Library/Developer/CommandLineTools/usr/bin/cc   -ferror-limit=100  -arch arm64 -isysroot /Library/Developer/CommandLineTools/SDKs/MacOSX13.1.sdk   -Dtoml_has_c_flag_-Wall -Wall -MD -MT CMakeFiles/cmTC_f162a.dir/src.c.o -MF CMakeFiles/cmTC_f162a.dir/src.c.o.d -o CMakeFiles/cmTC_f162a.dir/src.c.o -c /Users/rileyfischer/Documents/dev/languages/rfbs/build/CMakeFiles/CMakeScratch/TryCompile-Ah1Nj9/src.c
In file included from <built-in>:400:
<command line>:1:25: warning: ISO C99 requires whitespace after the macro name [-Wc99-extensions]
#define toml_has_c_flag_-Wall 1
                        ^
1 warning generated.
Linking C executable cmTC_f162a
/opt/homebrew/Cellar/cmake/3.25.3/bin/cmake -E cmake_link_script CMakeFiles/cmTC_f162a.dir/link.txt --verbose=1
/Library/Developer/CommandLineTools/usr/bin/cc  -ferror-limit=100  -arch arm64 -isysroot /Library/Developer/CommandLineTools/SDKs/MacOSX13.1.sdk -Wl,-search_paths_first -Wl,-headerpad_max_install_names CMakeFiles/cmTC_f162a.dir/src.c.o -o cmTC_f162a 


Source file was:
int main(void) { return 0; }

Performing C SOURCE FILE Test toml_has_c_flag_-Wcast-align succeeded with the following output:
Change Dir: /Users/rileyfischer/Documents/dev/languages/rfbs/build/CMakeFiles/CMakeScratch/TryCompile-4em8Tf

Run Build Command(s):/usr/bin/make -f Makefile cmTC_48622/fast && /Library/Developer/CommandLineTools/usr/bin/make  -f CMakeFiles/cmTC_48622.dir/build.make CMakeFiles/cmTC_48622.dir/build
Building C object CMakeFiles/cmTC_48622.dir/src.c.o
/Library/Developer/CommandLineTools/usr/bin/cc   -ferror-limit=100  -arch arm64 -isysroot /Library/Developer/CommandLineTools/SDKs/MacOSX13.1.sdk   -Dtoml_has_c_flag_-Wcast-align -Wcast-align -MD -MT CMakeFiles/cmTC_48622.dir/src.c.o -MF CMakeFiles/cmTC_48622.dir/src.c.o.d -o CMakeFiles/cmTC_48622.dir/src.c.o -c /Users/rileyfischer/Documents/dev/languages/rfbs/build/CMakeFiles/CMakeScratch/TryCompile-4em8Tf/src.c
In file included from <built-in>:400:
<command line>:1:25: warning: ISO C99 requires whitespace after the macro name [-Wc99-extensions]
#define toml_has_c_flag_-Wcast-align 1
                        ^
1 warning generated.
Linking C executable cmTC_48622
/opt/homebrew/Cellar/cmake/3.25.3/bin/cmake -E cmake_link_script CMakeFiles/cmTC_48622.dir/link.txt --verbose=1
/Library/Developer/CommandLineTools/usr/bin/cc  -ferror-limit=100  -arch arm64 -isysroot /Library/Developer/CommandLineTools/SDKs/MacOSX13.1.sdk -Wl,-search_paths_first -Wl,-headerpad_max_install_names CMakeFiles/cmTC_48622.dir/src.c.o -o cmTC_48622 


Source file was:
int main(void) { return 0; }

Performing C SOURCE FILE Test toml_has_c_flag_-Wextra succeeded with the following output:
Change Dir: /Users/rileyfischer/Documents/dev/languages/rfbs/build/CMakeFiles/CMakeScratch/TryCompile-D3yG6C

Run Build Command(s):/usr/bin/make -f Makefile cmTC_9bc48/fast && /Library/Developer/CommandLineTools/usr/bin/make  -f CMakeFiles/cmTC_9bc48.dir/build.make CMakeFiles/cmTC_9bc48.dir/build
Building C object CMakeFiles/cmTC_9bc48.dir/src.c.o
/Library/Developer/CommandLineTools/usr/bin/cc   -ferror-limit=100  -arch arm64 -isysroot /Library/Developer/CommandLineTools/SDKs/MacOSX13.1.sdk   -Dtoml_has_c_flag_-Wextra -Wextra -MD -MT CMakeFiles/cmTC_9bc48.dir/src.c.o -MF CMakeFiles/cmTC_9bc48.dir/src.c.o.d -o CMakeFiles/cmTC_9bc48.dir/src.c.o -c /Users/rileyfischer/Documents/dev/languages/rfbs/build/CMakeFiles/CMakeScratch/TryCompile-D3yG6C/src.c
In file included from <built-in>:400:
<command line>:1:25: warning: ISO C99 requires whitespace after the macro name [-Wc99-extensions]
#define toml_has_c_flag_-Wextra 1
                        ^
1 warning generated.
Linking C executable cmTC_9bc48
/opt/homebrew/Cellar/cmake/3.25.3/bin/cmake -E cmake_link_script CMakeFiles/cmTC_9bc48.dir/link.txt --verbose=1
/Library/Developer/CommandLineTools/usr/bin/cc  -ferror-limit=100  -arch arm64 -isysroot /Library/Developer/CommandLineTools/SDKs/MacOSX13.1.sdk -Wl,-search_paths_first -Wl,-headerpad_max_install_names CMakeFiles/cmTC_9bc48.dir/src.c.o -o cmTC_9bc48 


Source file was:
int main(void) { return 0; }

Performing C SOURCE FILE Test toml_has_c_flag_-Wformat=2 succeeded with the following output:
Change Dir: /Users/rileyfischer/Documents/dev/languages/rfbs/build/CMakeFiles/CMakeScratch/TryCompile-qxZ7Kh

Run Build Command(s):/usr/bin/make -f Makefile cmTC_4d3e1/fast && /Library/Developer/CommandLineTools/usr/bin/make  -f CMakeFiles/cmTC_4d3e1.dir/build.make CMakeFiles/cmTC_4d3e1.dir/build
Building C object CMakeFiles/cmTC_4d3e1.dir/src.c.o
/Library/Developer/CommandLineTools/usr/bin/cc   -ferror-limit=100  -arch arm64 -isysroot /Library/Developer/CommandLineTools/SDKs/MacOSX13.1.sdk   -Dtoml_has_c_flag_-Wformat=2 -Wformat=2 -MD -MT CMakeFiles/cmTC_4d3e1.dir/src.c.o -MF CMakeFiles/cmTC_4d3e1.dir/src.c.o.d -o CMakeFiles/cmTC_4d3e1.dir/src.c.o -c /Users/rileyfischer/Documents/dev/languages/rfbs/build/CMakeFiles/CMakeScratch/TryCompile-qxZ7Kh/src.c
In file included from <built-in>:400:
<command line>:1:25: warning: ISO C99 requires whitespace after the macro name [-Wc99-extensions]
#define toml_has_c_flag_-Wformat 2
                        ^
1 warning generated.
Linking C executable cmTC_4d3e1
/opt/homebrew/Cellar/cmake/3.25.3/bin/cmake -E cmake_link_script CMakeFiles/cmTC_4d3e1.dir/link.txt --verbose=1
/Library/Developer/CommandLineTools/usr/bin/cc  -ferror-limit=100  -arch arm64 -isysroot /Library/Developer/CommandLineTools/SDKs/MacOSX13.1.sdk -Wl,-search_paths_first -Wl,-headerpad_max_install_names CMakeFiles/cmTC_4d3e1.dir/src.c.o -o cmTC_4d3e1 


Source file was:
int main(void) { return 0; }

Performing C SOURCE FILE Test toml_has_c_flag_-Wmissing-include-dirs succeeded with the following output:
Change Dir: /Users/rileyfischer/Documents/dev/languages/rfbs/build/CMakeFiles/CMakeScratch/TryCompile-TKEdlh

Run Build Command(s):/usr/bin/make -f Makefile cmTC_ca2e9/fast && /Library/Developer/CommandLineTools/usr/bin/make  -f CMakeFiles/cmTC_ca2e9.dir/build.make CMakeFiles/cmTC_ca2e9.dir/build
Building C object CMakeFiles/cmTC_ca2e9.dir/src.c.o
/Library/Developer/CommandLineTools/usr/bin/cc   -ferror-limit=100  -arch arm64 -isysroot /Library/Developer/CommandLineTools/SDKs/MacOSX13.1.sdk   -Dtoml_has_c_flag_-Wmissing-include-dirs -Wmissing-include-dirs -MD -MT CMakeFiles/cmTC_ca2e9.dir/src.c.o -MF CMakeFiles/cmTC_ca2e9.dir/src.c.o.d -o CMakeFiles/cmTC_ca2e9.dir/src.c.o -c /Users/rileyfischer/Documents/dev/languages/rfbs/build/CMakeFiles/CMakeScratch/TryCompile-TKEdlh/src.c
In file included from <built-in>:400:
<command line>:1:25: warning: ISO C99 requires whitespace after the macro name [-Wc99-extensions]
#define toml_has_c_flag_-Wmissing-include-dirs 1
                        ^
1 warning generated.
Linking C executable cmTC_ca2e9
/opt/homebrew/Cellar/cmake/3.25.3/bin/cmake -E cmake_link_script CMakeFiles/cmTC_ca2e9.dir/link.txt --verbose=1
/Library/Developer/CommandLineTools/usr/bin/cc  -ferror-limit=100  -arch arm64 -isysroot /Library/Developer/CommandLineTools/SDKs/MacOSX13.1.sdk -Wl,-search_paths_first -Wl,-headerpad_max_install_names CMakeFiles/cmTC_ca2e9.dir/src.c.o -o cmTC_ca2e9 


Source file was:
int main(void) { return 0; }

Performing C SOURCE FILE Test toml_has_c_flag_-Wnarrowing succeeded with the following output:
Change Dir: /Users/rileyfischer/Documents/dev/languages/rfbs/build/CMakeFiles/CMakeScratch/TryCompile-oFgt6B

Run Build Command(s):/usr/bin/make -f Makefile cmTC_71c88/fast && /Library/Developer/CommandLineTools/usr/bin/make  -f CMakeFiles/cmTC_71c88.dir/build.make CMakeFiles/cmTC_71c88.dir/build
Building C object CMakeFiles/cmTC_71c88.dir/src.c.o
/Library/Developer/CommandLineTools/usr/bin/cc   -ferror-limit=100  -arch arm64 -isysroot /Library/Developer/CommandLineTools/SDKs/MacOSX13.1.sdk   -Dtoml_has_c_flag_-Wnarrowing -Wnarrowing -MD -MT CMakeFiles/cmTC_71c88.dir/src.c.o -MF CMakeFiles/cmTC_71c88.dir/src.c.o.d -o CMakeFiles/cmTC_71c88.dir/src.c.o -c /Users/rileyfischer/Documents/dev/languages/rfbs/build/CMakeFiles/CMakeScratch/TryCompile-oFgt6B/src.c
In file included from <built-in>:400:
<command line>:1:25: warning: ISO C99 requires whitespace after the macro name [-Wc99-extensions]
#define toml_has_c_flag_-Wnarrowing 1
                        ^
1 warning generated.
Linking C executable cmTC_71c88
/opt/homebrew/Cellar/cmake/3.25.3/bin/cmake -E cmake_link_script CMakeFiles/cmTC_71c88.dir/link.txt --verbose=1
/Library/Developer/CommandLineTools/usr/bin/cc  -ferror-limit=100  -arch arm64 -isysroot /Library/Developer/CommandLineTools/SDKs/MacOSX13.1.sdk -Wl,-search_paths_first -Wl,-headerpad_max_install_names CMakeFiles/cmTC_71c88.dir/src.c.o -o cmTC_71c88 


Source file was:
int main(void) { return 0; }

Performing C SOURCE FILE Test toml_has_c_flag_-Wpointer-arith succeeded with the following output:
Change Dir: /Users/rileyfischer/Documents/dev/languages/rfbs/build/CMakeFiles/CMakeScratch/TryCompile-U9IJuZ

Run Build Command(s):/usr/bin/make -f Makefile cmTC_1b987/fast && /Library/Developer/CommandLineTools/usr/bin/make  -f CMakeFiles/cmTC_1b987.dir/build.make CMakeFiles/cmTC_1b987.dir/build
Building C object CMakeFiles/cmTC_1b987.dir/src.c.o
/Library/Developer/CommandLineTools/usr/bin/cc   -ferror-limit=100  -arch arm64 -isysroot /Library/Developer/CommandLineTools/SDKs/MacOSX13.1.sdk   -Dtoml_has_c_flag_-Wpointer-arith -Wpointer-arith -MD -MT CMakeFiles/cmTC_1b987.dir/src.c.o -MF CMakeFiles/cmTC_1b987.dir/src.c.o.d -o CMakeFiles/cmTC_1b987.dir/src.c.o -c /Users/rileyfischer/Documents/dev/languages/rfbs/build/CMakeFiles/CMakeScratch/TryCompile-U9IJuZ/src.c
In file included from <built-in>:400:
<command line>:1:25: warning: ISO C99 requires whitespace after the macro name [-Wc99-extensions]
#define toml_has_c_flag_-Wpointer-arith 1
                        ^
1 warning generated.
Linking C executable cmTC_1b987
/opt/homebrew/Cellar/cmake/3.25.3/bin/cmake -E cmake_link_script CMakeFiles/cmTC_1b987.dir/link.txt --verbose=1
/Library/Developer/CommandLineTools/usr/bin/cc  -ferror-limit=100  -arch arm64 -isysroot /Library/Developer/CommandLineTools/SDKs/MacOSX13.1.sdk -Wl,-search_paths_first -Wl,-headerpad_max_install_names CMakeFiles/cmTC_1b987.dir/src.c.o -o cmTC_1b987 


Source file was:
int main(void) { return 0; }

Performing C SOURCE FILE Test toml_has_c_flag_-Wshadow succeeded with the following output:
Change Dir: /Users/rileyfischer/Documents/dev/languages/rfbs/build/CMakeFiles/CMakeScratch/TryCompile-1HMrJT

Run Build Command(s):/usr/bin/make -f Makefile cmTC_919f1/fast && /Library/Developer/CommandLineTools/usr/bin/make  -f CMakeFiles/cmTC_919f1.dir/build.make CMakeFiles/cmTC_919f1.dir/build
Building C object CMakeFiles/cmTC_919f1.dir/src.c.o
/Library/Developer/CommandLineTools/usr/bin/cc   -ferror-limit=100  -arch arm64 -isysroot /Library/Developer/CommandLineTools/SDKs/MacOSX13.1.sdk   -Dtoml_has_c_flag_-Wshadow -Wshadow -MD -MT CMakeFiles/cmTC_919f1.dir/src.c.o -MF CMakeFiles/cmTC_919f1.dir/src.c.o.d -o CMakeFiles/cmTC_919f1.dir/src.c.o -c /Users/rileyfischer/Documents/dev/languages/rfbs/build/CMakeFiles/CMakeScratch/TryCompile-1HMrJT/src.c
In file included from <built-in>:400:
<command line>:1:25: warning: ISO C99 requires whitespace after the macro name [-Wc99-extensions]
#define toml_has_c_flag_-Wshadow 1
                        ^
1 warning generated.
Linking C executable cmTC_919f1
/opt/homebrew/Cellar/cmake/3.25.3/bin/cmake -E cmake_link_script CMakeFiles/cmTC_919f1.dir/link.txt --verbose=1
/Library/Developer/CommandLineTools/usr/bin/cc  -ferror-limit=100  -arch arm64 -isysroot /Library/Developer/CommandLineTools/SDKs/MacOSX13.1.sdk -Wl,-search_paths_first -Wl,-headerpad_max_install_names CMakeFiles/cmTC_919f1.dir/src.c.o -o cmTC_919f1 


Source file was:
int main(void) { return 0; }

Performing C SOURCE FILE Test toml_has_c_flag_-Wuninitialized succeeded with the following output:
Change Dir: /Users/rileyfischer/Documents/dev/languages/rfbs/build/CMakeFiles/CMakeScratch/TryCompile-AH2WOZ

Run Build Command(s):/usr/bin/make -f Makefile cmTC_8d872/fast && /Library/Developer/CommandLineTools/usr/bin/make  -f CMakeFiles/cmTC_8d872.dir/build.make CMakeFiles/cmTC_8d872.dir/build
Building C object CMakeFiles/cmTC_8d872.dir/src.c.o
/Library/Developer/CommandLineTools/usr/bin/cc   -ferror-limit=100  -arch arm64 -isysroot /Library/Developer/CommandLineTools/SDKs/MacOSX13.1.sdk   -Dtoml_has_c_flag_-Wuninitialized -Wuninitialized -MD -MT CMakeFiles/cmTC_8d872.dir/src.c.o -MF CMakeFiles/cmTC_8d872.dir/src.c.o.d -o CMakeFiles/cmTC_8d872.dir/src.c.o -c /Users/rileyfischer/Documents/dev/languages/rfbs/build/CMakeFiles/CMakeScratch/TryCompile-AH2WOZ/src.c
In file included from <built-in>:400:
<command line>:1:25: warning: ISO C99 requires whitespace after the macro name [-Wc99-extensions]
#define toml_has_c_flag_-Wuninitialized 1
                        ^
1 warning generated.
Linking C executable cmTC_8d872
/opt/homebrew/Cellar/cmake/3.25.3/bin/cmake -E cmake_link_script CMakeFiles/cmTC_8d872.dir/link.txt --verbose=1
/Library/Developer/CommandLineTools/usr/bin/cc  -ferror-limit=100  -arch arm64 -isysroot /Library/Developer/CommandLineTools/SDKs/MacOSX13.1.sdk -Wl,-search_paths_first -Wl,-headerpad_max_install_names CMakeFiles/cmTC_8d872.dir/src.c.o -o cmTC_8d872 


Source file was:
int main(void) { return 0; }

Performing C SOURCE FILE Test toml_has_c_flag_-Wwrite-strings succeeded with the following output:
Change Dir: /Users/rileyfischer/Documents/dev/languages/rfbs/build/CMakeFiles/CMakeScratch/TryCompile-DwyccJ

Run Build Command(s):/usr/bin/make -f Makefile cmTC_24cc5/fast && /Library/Developer/CommandLineTools/usr/bin/make  -f CMakeFiles/cmTC_24cc5.dir/build.make CMakeFiles/cmTC_24cc5.dir/build
Building C object CMakeFiles/cmTC_24cc5.dir/src.c.o
/Library/Developer/CommandLineTools/usr/bin/cc   -ferror-limit=100  -arch arm64 -isysroot /Library/Developer/CommandLineTools/SDKs/MacOSX13.1.sdk   -Dtoml_has_c_flag_-Wwrite-strings -Wwrite-strings -MD -MT CMakeFiles/cmTC_24cc5.dir/src.c.o -MF CMakeFiles/cmTC_24cc5.dir/src.c.o.d -o CMakeFiles/cmTC_24cc5.dir/src.c.o -c /Users/rileyfischer/Documents/dev/languages/rfbs/build/CMakeFiles/CMakeScratch/TryCompile-DwyccJ/src.c
In file included from <built-in>:400:
<command line>:1:25: warning: ISO C99 requires whitespace after the macro name [-Wc99-extensions]
#define toml_has_c_flag_-Wwrite-strings 1
                        ^
1 warning generated.
Linking C executable cmTC_24cc5
/opt/homebrew/Cellar/cmake/3.25.3/bin/cmake -E cmake_link_script CMakeFiles/cmTC_24cc5.dir/link.txt --verbose=1
/Library/Developer/CommandLineTools/usr/bin/cc  -ferror-limit=100  -arch arm64 -isysroot /Library/Developer/CommandLineTools/SDKs/MacOSX13.1.sdk -Wl,-search_paths_first -Wl,-headerpad_max_install_names CMakeFiles/cmTC_24cc5.dir/src.c.o -o cmTC_24cc5 


Source file was:
int main(void) { return 0; }

Performing C SOURCE FILE Test toml_has_c_flag_-Wno-format-nonliteral succeeded with the following output:
Change Dir: /Users/rileyfischer/Documents/dev/languages/rfbs/build/CMakeFiles/CMakeScratch/TryCompile-7dHsba

Run Build Command(s):/usr/bin/make -f Makefile cmTC_ad948/fast && /Library/Developer/CommandLineTools/usr/bin/make  -f CMakeFiles/cmTC_ad948.dir/build.make CMakeFiles/cmTC_ad948.dir/build
Building C object CMakeFiles/cmTC_ad948.dir/src.c.o
/Library/Developer/CommandLineTools/usr/bin/cc   -ferror-limit=100  -arch arm64 -isysroot /Library/Developer/CommandLineTools/SDKs/MacOSX13.1.sdk   -Dtoml_has_c_flag_-Wno-format-nonliteral -Wno-format-nonliteral -MD -MT CMakeFiles/cmTC_ad948.dir/src.c.o -MF CMakeFiles/cmTC_ad948.dir/src.c.o.d -o CMakeFiles/cmTC_ad948.dir/src.c.o -c /Users/rileyfischer/Documents/dev/languages/rfbs/build/CMakeFiles/CMakeScratch/TryCompile-7dHsba/src.c
In file included from <built-in>:400:
<command line>:1:25: warning: ISO C99 requires whitespace after the macro name [-Wc99-extensions]
#define toml_has_c_flag_-Wno-format-nonliteral 1
                        ^
1 warning generated.
Linking C executable cmTC_ad948
/opt/homebrew/Cellar/cmake/3.25.3/bin/cmake -E cmake_link_script CMakeFiles/cmTC_ad948.dir/link.txt --verbose=1
/Library/Developer/CommandLineTools/usr/bin/cc  -ferror-limit=100  -arch arm64 -isysroot /Library/Developer/CommandLineTools/SDKs/MacOSX13.1.sdk -Wl,-search_paths_first -Wl,-headerpad_max_install_names CMakeFiles/cmTC_ad948.dir/src.c.o -o cmTC_ad948 


Source file was:
int main(void) { return 0; }

Performing C SOURCE FILE Test toml_has_c_flag_-Werror=ignored-qualifiers succeeded with the following output:
Change Dir: /Users/rileyfischer/Documents/dev/languages/rfbs/build/CMakeFiles/CMakeScratch/TryCompile-zhFbIT

Run Build Command(s):/usr/bin/make -f Makefile cmTC_70e90/fast && /Library/Developer/CommandLineTools/usr/bin/make  -f CMakeFiles/cmTC_70e90.dir/build.make CMakeFiles/cmTC_70e90.dir/build
Building C object CMakeFiles/cmTC_70e90.dir/src.c.o
/Library/Developer/CommandLineTools/usr/bin/cc   -ferror-limit=100  -arch arm64 -isysroot /Library/Developer/CommandLineTools/SDKs/MacOSX13.1.sdk   -Dtoml_has_c_flag_-Werror=ignored-qualifiers -Werror=ignored-qualifiers -MD -MT CMakeFiles/cmTC_70e90.dir/src.c.o -MF CMakeFiles/cmTC_70e90.dir/src.c.o.d -o CMakeFiles/cmTC_70e90.dir/src.c.o -c /Users/rileyfischer/Documents/dev/languages/rfbs/build/CMakeFiles/CMakeScratch/TryCompile-zhFbIT/src.c
In file included from <built-in>:400:
<command line>:1:25: warning: ISO C99 requires whitespace after the macro name [-Wc99-extensions]
#define toml_has_c_flag_-Werror ignored-qualifiers
                        ^
1 warning generated.
Linking C executable cmTC_70e90
/opt/homebrew/Cellar/cmake/3.25.3/bin/cmake -E cmake_link_script CMakeFiles/cmTC_70e90.dir/link.txt --verbose=1
/Library/Developer/CommandLineTools/usr/bin/cc  -ferror-limit=100  -arch arm64 -isysroot /Library/Developer/CommandLineTools/SDKs/MacOSX13.1.sdk -Wl,-search_paths_first -Wl,-headerpad_max_install_names CMakeFiles/cmTC_70e90.dir/src.c.o -o cmTC_70e90 


Source file was:
int main(void) { return 0; }

Performing C SOURCE FILE Test toml_has_c_flag_-Werror=implicit succeeded with the following output:
Change Dir: /Users/rileyfischer/Documents/dev/languages/rfbs/build/CMakeFiles/CMakeScratch/TryCompile-jlyQht

Run Build Command(s):/usr/bin/make -f Makefile cmTC_a388b/fast && /Library/Developer/CommandLineTools/usr/bin/make  -f CMakeFiles/cmTC_a388b.dir/build.make CMakeFiles/cmTC_a388b.dir/build
Building C object CMakeFiles/cmTC_a388b.dir/src.c.o
/Library/Developer/CommandLineTools/usr/bin/cc   -ferror-limit=100  -arch arm64 -isysroot /Library/Developer/CommandLineTools/SDKs/MacOSX13.1.sdk   -Dtoml_has_c_flag_-Werror=implicit -Werror=implicit -MD -MT CMakeFiles/cmTC_a388b.dir/src.c.o -MF CMakeFiles/cmTC_a388b.dir/src.c.o.d -o CMakeFiles/cmTC_a388b.dir/src.c.o -c /Users/rileyfischer/Documents/dev/languages/rfbs/build/CMakeFiles/CMakeScratch/TryCompile-jlyQht/src.c
In file included from <built-in>:400:
<command line>:1:25: warning: ISO C99 requires whitespace after the macro name [-Wc99-extensions]
#define toml_has_c_flag_-Werror implicit
                        ^
1 warning generated.
Linking C executable cmTC_a388b
/opt/homebrew/Cellar/cmake/3.25.3/bin/cmake -E cmake_link_script CMakeFiles/cmTC_a388b.dir/link.txt --verbose=1
/Library/Developer/CommandLineTools/usr/bin/cc  -ferror-limit=100  -arch arm64 -isysroot /Library/Developer/CommandLineTools/SDKs/MacOSX13.1.sdk -Wl,-search_paths_first -Wl,-headerpad_max_install_names CMakeFiles/cmTC_a388b.dir/src.c.o -o cmTC_a388b 


Source file was:
int main(void) { return 0; }

Performing C SOURCE FILE Test toml_has_c_flag_-Werror=implicit-function-declaration succeeded with the following output:
Change Dir: /Users/rileyfischer/Documents/dev/languages/rfbs/build/CMakeFiles/CMakeScratch/TryCompile-tVWsCQ

Run Build Command(s):/usr/bin/make -f Makefile cmTC_be086/fast && /Library/Developer/CommandLineTools/usr/bin/make  -f CMakeFiles/cmTC_be086.dir/build.make CMakeFiles/cmTC_be086.dir/build
Building C object CMakeFiles/cmTC_be086.dir/src.c.o
/Library/Developer/CommandLineTools/usr/bin/cc   -ferror-limit=100  -arch arm64 -isysroot /Library/Developer/CommandLineTools/SDKs/MacOSX13.1.sdk   -Dtoml_has_c_flag_-Werror=implicit-function-declaration -Werror=implicit-function-declaration -MD -MT CMakeFiles/cmTC_be086.dir/src.c.o -MF CMakeFiles/cmTC_be086.dir/src.c.o.d -o CMakeFiles/cmTC_be086.dir/src.c.o -c /Users/rileyfischer/Documents/dev/languages/rfbs/build/CMakeFiles/CMakeScratch/TryCompile-tVWsCQ/src.c
In file included from <built-in>:400:
<command line>:1:25: warning: ISO C99 requires whitespace after the macro name [-Wc99-extensions]
#define toml_has_c_flag_-Werror implicit-function-declaration
                        ^
1 warning generated.
Linking C executable cmTC_be086
/opt/homebrew/Cellar/cmake/3.25.3/bin/cmake -E cmake_link_script CMakeFiles/cmTC_be086.dir/link.txt --verbose=1
/Library/Developer/CommandLineTools/usr/bin/cc  -ferror-limit=100  -arch arm64 -isysroot /Library/Developer/CommandLineTools/SDKs/MacOSX13.1.sdk -Wl,-search_paths_first -Wl,-headerpad_max_install_names CMakeFiles/cmTC_be086.dir/src.c.o -o cmTC_be086 


Source file was:
int main(void) { return 0; }

Performing C SOURCE FILE Test toml_has_c_flag_-Werror=implicit-int succeeded with the following output:
Change Dir: /Users/rileyfischer/Documents/dev/languages/rfbs/build/CMakeFiles/CMakeScratch/TryCompile-WOerPS

Run Build Command(s):/usr/bin/make -f Makefile cmTC_9a72f/fast && /Library/Developer/CommandLineTools/usr/bin/make  -f CMakeFiles/cmTC_9a72f.dir/build.make CMakeFiles/cmTC_9a72f.dir/build
Building C object CMakeFiles/cmTC_9a72f.dir/src.c.o
/Library/Developer/CommandLineTools/usr/bin/cc   -ferror-limit=100  -arch arm64 -isysroot /Library/Developer/CommandLineTools/SDKs/MacOSX13.1.sdk   -Dtoml_has_c_flag_-Werror=implicit-int -Werror=implicit-int -MD -MT CMakeFiles/cmTC_9a72f.dir/src.c.o -MF CMakeFiles/cmTC_9a72f.dir/src.c.o.d -o CMakeFiles/cmTC_9a72f.dir/src.c.o -c /Users/rileyfischer/Documents/dev/languages/rfbs/build/CMakeFiles/CMakeScratch/TryCompile-WOerPS/src.c
In file included from <built-in>:400:
<command line>:1:25: warning: ISO C99 requires whitespace after the macro name [-Wc99-extensions]
#define toml_has_c_flag_-Werror implicit-int
                        ^
1 warning generated.
Linking C executable cmTC_9a72f
/opt/homebrew/Cellar/cmake/3.25.3/bin/cmake -E cmake_link_script CMakeFiles/cmTC_9a72f.dir/link.txt --verbose=1
/Library/Developer/CommandLineTools/usr/bin/cc  -ferror-limit=100  -arch arm64 -isysroot /Library/Developer/CommandLineTools/SDKs/MacOSX13.1.sdk -Wl,-search_paths_first -Wl,-headerpad_max_install_names CMakeFiles/cmTC_9a72f.dir/src.c.o -o cmTC_9a72f 


Source file was:
int main(void) { return 0; }

Performing C SOURCE FILE Test toml_has_c_flag_-Werror=init-self succeeded with the following output:
Change Dir: /Users/rileyfischer/Documents/dev/languages/rfbs/build/CMakeFiles/CMakeScratch/TryCompile-jwys5V

Run Build Command(s):/usr/bin/make -f Makefile cmTC_aa9ba/fast && /Library/Developer/CommandLineTools/usr/bin/make  -f CMakeFiles/cmTC_aa9ba.dir/build.make CMakeFiles/cmTC_aa9ba.dir/build
Building C object CMakeFiles/cmTC_aa9ba.dir/src.c.o
/Library/Developer/CommandLineTools/usr/bin/cc   -ferror-limit=100  -arch arm64 -isysroot /Library/Developer/CommandLineTools/SDKs/MacOSX13.1.sdk   -Dtoml_has_c_flag_-Werror=init-self -Werror=init-self -MD -MT CMakeFiles/cmTC_aa9ba.dir/src.c.o -MF CMakeFiles/cmTC_aa9ba.dir/src.c.o.d -o CMakeFiles/cmTC_aa9ba.dir/src.c.o -c /Users/rileyfischer/Documents/dev/languages/rfbs/build/CMakeFiles/CMakeScratch/TryCompile-jwys5V/src.c
In file included from <built-in>:400:
<command line>:1:25: warning: ISO C99 requires whitespace after the macro name [-Wc99-extensions]
#define toml_has_c_flag_-Werror init-self
                        ^
1 warning generated.
Linking C executable cmTC_aa9ba
/opt/homebrew/Cellar/cmake/3.25.3/bin/cmake -E cmake_link_script CMakeFiles/cmTC_aa9ba.dir/link.txt --verbose=1
/Library/Developer/CommandLineTools/usr/bin/cc  -ferror-limit=100  -arch arm64 -isysroot /Library/Developer/CommandLineTools/SDKs/MacOSX13.1.sdk -Wl,-search_paths_first -Wl,-headerpad_max_install_names CMakeFiles/cmTC_aa9ba.dir/src.c.o -o cmTC_aa9ba 


Source file was:
int main(void) { return 0; }

Performing C SOURCE FILE Test toml_has_c_flag_-Werror=incompatible-pointer-types succeeded with the following output:
Change Dir: /Users/rileyfischer/Documents/dev/languages/rfbs/build/CMakeFiles/CMakeScratch/TryCompile-uxeI6L

Run Build Command(s):/usr/bin/make -f Makefile cmTC_ffe9d/fast && /Library/Developer/CommandLineTools/usr/bin/make  -f CMakeFiles/cmTC_ffe9d.dir/build.make CMakeFiles/cmTC_ffe9d.dir/build
Building C object CMakeFiles/cmTC_ffe9d.dir/src.c.o
/Library/Developer/CommandLineTools/usr/bin/cc   -ferror-limit=100  -arch arm64 -isysroot /Library/Developer/CommandLineTools/SDKs/MacOSX13.1.sdk   -Dtoml_has_c_flag_-Werror=incompatible-pointer-types -Werror=incompatible-pointer-types -MD -MT CMakeFiles/cmTC_ffe9d.dir/src.c.o -MF CMakeFiles/cmTC_ffe9d.dir/src.c.o.d -o CMakeFiles/cmTC_ffe9d.dir/src.c.o -c /Users/rileyfischer/Documents/dev/languages/rfbs/build/CMakeFiles/CMakeScratch/TryCompile-uxeI6L/src.c
In file included from <built-in>:400:
<command line>:1:25: warning: ISO C99 requires whitespace after the macro name [-Wc99-extensions]
#define toml_has_c_flag_-Werror incompatible-pointer-types
                        ^
1 warning generated.
Linking C executable cmTC_ffe9d
/opt/homebrew/Cellar/cmake/3.25.3/bin/cmake -E cmake_link_script CMakeFiles/cmTC_ffe9d.dir/link.txt --verbose=1
/Library/Developer/CommandLineTools/usr/bin/cc  -ferror-limit=100  -arch arm64 -isysroot /Library/Developer/CommandLineTools/SDKs/MacOSX13.1.sdk -Wl,-search_paths_first -Wl,-headerpad_max_install_names CMakeFiles/cmTC_ffe9d.dir/src.c.o -o cmTC_ffe9d 


Source file was:
int main(void) { return 0; }

Performing C SOURCE FILE Test toml_has_c_flag_-Werror=return-type succeeded with the following output:
Change Dir: /Users/rileyfischer/Documents/dev/languages/rfbs/build/CMakeFiles/CMakeScratch/TryCompile-qJrbiW

Run Build Command(s):/usr/bin/make -f Makefile cmTC_9e8a5/fast && /Library/Developer/CommandLineTools/usr/bin/make  -f CMakeFiles/cmTC_9e8a5.dir/build.make CMakeFiles/cmTC_9e8a5.dir/build
Building C object CMakeFiles/cmTC_9e8a5.dir/src.c.o
/Library/Developer/CommandLineTools/usr/bin/cc   -ferror-limit=100  -arch arm64 -isysroot /Library/Developer/CommandLineTools/SDKs/MacOSX13.1.sdk   -Dtoml_has_c_flag_-Werror=return-type -Werror=return-type -MD -MT CMakeFiles/cmTC_9e8a5.dir/src.c.o -MF CMakeFiles/cmTC_9e8a5.dir/src.c.o.d -o CMakeFiles/cmTC_9e8a5.dir/src.c.o -c /Users/rileyfischer/Documents/dev/languages/rfbs/build/CMakeFiles/CMakeScratch/TryCompile-qJrbiW/src.c
In file included from <built-in>:400:
<command line>:1:25: warning: ISO C99 requires whitespace after the macro name [-Wc99-extensions]
#define toml_has_c_flag_-Werror return-type
                        ^
1 warning generated.
Linking C executable cmTC_9e8a5
/opt/homebrew/Cellar/cmake/3.25.3/bin/cmake -E cmake_link_script CMakeFiles/cmTC_9e8a5.dir/link.txt --verbose=1
/Library/Developer/CommandLineTools/usr/bin/cc  -ferror-limit=100  -arch arm64 -isysroot /Library/Developer/CommandLineTools/SDKs/MacOSX13.1.sdk -Wl,-search_paths_first -Wl,-headerpad_max_install_names CMakeFiles/cmTC_9e8a5.dir/src.c.o -o cmTC_9e8a5 


Source file was:
int main(void) { return 0; }

Performing C SOURCE FILE Test toml_has_c_flag_-Werror=strict-prototypes succeeded with the following output:
Change Dir: /Users/rileyfischer/Documents/dev/languages/rfbs/build/CMakeFiles/CMakeScratch/TryCompile-lyTX3e

Run Build Command(s):/usr/bin/make -f Makefile cmTC_1fe2d/fast && /Library/Developer/CommandLineTools/usr/bin/make  -f CMakeFiles/cmTC_1fe2d.dir/build.make CMakeFiles/cmTC_1fe2d.dir/build
Building C object CMakeFiles/cmTC_1fe2d.dir/src.c.o
/Library/Developer/CommandLineTools/usr/bin/cc   -ferror-limit=100  -arch arm64 -isysroot /Library/Developer/CommandLineTools/SDKs/MacOSX13.1.sdk   -Dtoml_has_c_flag_-Werror=strict-prototypes -Werror=strict-prototypes -MD -MT CMakeFiles/cmTC_1fe2d.dir/src.c.o -MF CMakeFiles/cmTC_1fe2d.dir/src.c.o.d -o CMakeFiles/cmTC_1fe2d.dir/src.c.o -c /Users/rileyfischer/Documents/dev/languages/rfbs/build/CMakeFiles/CMakeScratch/TryCompile-lyTX3e/src.c
In file included from <built-in>:400:
<command line>:1:25: warning: ISO C99 requires whitespace after the macro name [-Wc99-extensions]
#define toml_has_c_flag_-Werror strict-prototypes
                        ^
1 warning generated.
Linking C executable cmTC_1fe2d
/opt/homebrew/Cellar/cmake/3.25.3/bin/cmake -E cmake_link_script CMakeFiles/cmTC_1fe2d.dir/link.txt --verbose=1
/Library/Developer/CommandLineTools/usr/bin/cc  -ferror-limit=100  -arch arm64 -isysroot /Library/Developer/CommandLineTools/SDKs/MacOSX13.1.sdk -Wl,-search_paths_first -Wl,-headerpad_max_install_names CMakeFiles/cmTC_1fe2d.dir/src.c.o -o cmTC_1fe2d 


Source file was:
int main(void) { return 0; }

